[debug] [2025-09-03T15:20:24.462Z] ----------------------------------------------------------------------
[debug] [2025-09-03T15:20:24.468Z] Command:       /usr/local/bin/node /usr/local/bin/firebase deploy
[debug] [2025-09-03T15:20:24.468Z] CLI Version:   14.11.2
[debug] [2025-09-03T15:20:24.468Z] Platform:      darwin
[debug] [2025-09-03T15:20:24.468Z] Node Version:  v22.15.0
[debug] [2025-09-03T15:20:24.469Z] Time:          Wed Sep 03 2025 20:50:24 GMT+0530 (India Standard Time)
[debug] [2025-09-03T15:20:24.469Z] ----------------------------------------------------------------------
[debug] 
[debug] [2025-09-03T15:20:24.557Z] > command requires scopes: ["email","openid","https://www.googleapis.com/auth/cloudplatformprojects.readonly","https://www.googleapis.com/auth/firebase","https://www.googleapis.com/auth/cloud-platform"]
[debug] [2025-09-03T15:20:24.557Z] > authorizing via signed-in user (bharat.nanavathula@gmail.com)
[debug] [2025-09-03T15:20:24.557Z] [iam] checking project vinx-64b70 for permissions ["firebase.projects.get","firebasehosting.sites.update"]
[debug] [2025-09-03T15:20:24.557Z] Checked if tokens are valid: false, expires at: 1756898942755
[debug] [2025-09-03T15:20:24.557Z] Checked if tokens are valid: false, expires at: 1756898942755
[debug] [2025-09-03T15:20:24.557Z] > refreshing access token with scopes: []
[debug] [2025-09-03T15:20:24.558Z] >>> [apiv2][query] POST https://www.googleapis.com/oauth2/v3/token [none]
[debug] [2025-09-03T15:20:24.558Z] >>> [apiv2][body] POST https://www.googleapis.com/oauth2/v3/token [omitted]
[debug] [2025-09-03T15:20:24.797Z] <<< [apiv2][status] POST https://www.googleapis.com/oauth2/v3/token 200
[debug] [2025-09-03T15:20:24.797Z] <<< [apiv2][body] POST https://www.googleapis.com/oauth2/v3/token [omitted]
[debug] [2025-09-03T15:20:24.809Z] >>> [apiv2][query] POST https://cloudresourcemanager.googleapis.com/v1/projects/vinx-64b70:testIamPermissions [none]
[debug] [2025-09-03T15:20:24.809Z] >>> [apiv2][(partial)header] POST https://cloudresourcemanager.googleapis.com/v1/projects/vinx-64b70:testIamPermissions x-goog-quota-user=projects/vinx-64b70
[debug] [2025-09-03T15:20:24.809Z] >>> [apiv2][body] POST https://cloudresourcemanager.googleapis.com/v1/projects/vinx-64b70:testIamPermissions {"permissions":["firebase.projects.get","firebasehosting.sites.update"]}
[debug] [2025-09-03T15:20:26.298Z] <<< [apiv2][status] POST https://cloudresourcemanager.googleapis.com/v1/projects/vinx-64b70:testIamPermissions 200
[debug] [2025-09-03T15:20:26.298Z] <<< [apiv2][body] POST https://cloudresourcemanager.googleapis.com/v1/projects/vinx-64b70:testIamPermissions {"permissions":["firebase.projects.get","firebasehosting.sites.update"]}
[debug] [2025-09-03T15:20:26.299Z] Checked if tokens are valid: true, expires at: 1756916423797
[debug] [2025-09-03T15:20:26.299Z] Checked if tokens are valid: true, expires at: 1756916423797
[debug] [2025-09-03T15:20:26.300Z] >>> [apiv2][query] GET https://firebase.googleapis.com/v1beta1/projects/vinx-64b70 [none]
[debug] [2025-09-03T15:20:26.805Z] <<< [apiv2][status] GET https://firebase.googleapis.com/v1beta1/projects/vinx-64b70 200
[debug] [2025-09-03T15:20:26.805Z] <<< [apiv2][body] GET https://firebase.googleapis.com/v1beta1/projects/vinx-64b70 {"projectId":"vinx-64b70","projectNumber":"40973141573","displayName":"VinX","name":"projects/vinx-64b70","resources":{"hostingSite":"vinx-64b70"},"state":"ACTIVE","etag":"1_6ee4353a-f920-471e-9a74-7b95f6296d17"}
[info] 
   Thank you for trying our early preview of Next.js support on Firebase Hosting.
   During the preview, support is best-effort and breaking changes can be expected. Proceed with caution.
   The integration is known to work with Next.js version 12 - 15.0. You may encounter errors.

   Documentation: https://firebase.google.com/docs/hosting/frameworks/nextjs
   File a bug: https://github.com/firebase/firebase-tools/issues/new?template=bug_report.md
   Submit a feature request: https://github.com/firebase/firebase-tools/issues/new?template=feature_request.md

   We'd love to learn from you. Express your interest in helping us shape the future of Firebase Hosting: https://goo.gle/41enW5X

[debug] [2025-09-03T15:20:28.911Z] Checked if tokens are valid: true, expires at: 1756916423797
[debug] [2025-09-03T15:20:28.911Z] Checked if tokens are valid: true, expires at: 1756916423797
[debug] [2025-09-03T15:20:28.911Z] >>> [apiv2][query] GET https://firebasehosting.googleapis.com/v1beta1/projects/vinx-64b70/sites/vinx-64b70 [none]
[debug] [2025-09-03T15:20:30.026Z] <<< [apiv2][status] GET https://firebasehosting.googleapis.com/v1beta1/projects/vinx-64b70/sites/vinx-64b70 200
[debug] [2025-09-03T15:20:30.027Z] <<< [apiv2][body] GET https://firebasehosting.googleapis.com/v1beta1/projects/vinx-64b70/sites/vinx-64b70 {"name":"projects/vinx-64b70/sites/vinx-64b70","defaultUrl":"https://vinx-64b70.web.app","type":"DEFAULT_SITE"}
[info]  ⚠ Warning: Next.js inferred your workspace root, but it may not be correct.
 We detected multiple lockfiles and selected the directory of /Users/Bharat/Work/package-lock.json as the root directory.
 To silence this warning, set `outputFileTracingRoot` in your Next.js config, or consider removing one of the lockfiles if it's not needed.
   See https://nextjs.org/docs/app/api-reference/config/next-config-js/output#caveats for more information.
 Detected additional lockfiles: 
   * /Users/Bharat/Work/Nandak/vinx_supabase/package-lock.json


[info]    ▲ Next.js 15.5.0

[info]    - Environments: .env


[info]    Creating an optimized production build ...

[info]  ✓ Compiled successfully in 4.4s

[info]    Linting and checking validity of types ...

[info]    Collecting page data ...

[info]    Generating static pages (0/28) ...

[info]    Generating static pages (7/28) 

[info]    Generating static pages (14/28) 

[info]    Generating static pages (21/28) 

[info]  ⨯ useSearchParams() should be wrapped in a suspense boundary at page "/dashboard/generate-new-report". Read more: https://nextjs.org/docs/messages/missing-suspense-with-csr-bailout
    at g (/Users/Bharat/Work/Nandak/vinx_supabase/.next/server/chunks/476.js:3:140007)
    at m (/Users/Bharat/Work/Nandak/vinx_supabase/.next/server/chunks/476.js:11:162410)
    at C (/Users/Bharat/Work/Nandak/vinx_supabase/.next/server/app/dashboard/generate-new-report/page.js:2:11140)
    at n3 (/Users/Bharat/Work/Nandak/vinx_supabase/node_modules/next/dist/compiled/next-server/app-page.runtime.prod.js:2:82831)
    at n6 (/Users/Bharat/Work/Nandak/vinx_supabase/node_modules/next/dist/compiled/next-server/app-page.runtime.prod.js:2:84601)
    at n5 (/Users/Bharat/Work/Nandak/vinx_supabase/node_modules/next/dist/compiled/next-server/app-page.runtime.prod.js:2:104801)
    at n7 (/Users/Bharat/Work/Nandak/vinx_supabase/node_modules/next/dist/compiled/next-server/app-page.runtime.prod.js:2:102219)
    at n8 (/Users/Bharat/Work/Nandak/vinx_supabase/node_modules/next/dist/compiled/next-server/app-page.runtime.prod.js:2:83183)
    at n6 (/Users/Bharat/Work/Nandak/vinx_supabase/node_modules/next/dist/compiled/next-server/app-page.runtime.prod.js:2:84647)
    at n6 (/Users/Bharat/Work/Nandak/vinx_supabase/node_modules/next/dist/compiled/next-server/app-page.runtime.prod.js:2:101560)
Error occurred prerendering page "/dashboard/generate-new-report". Read more: https://nextjs.org/docs/messages/prerender-error
Export encountered an error on /dashboard/generate-new-report/page: /dashboard/generate-new-report, exiting the build.

[info]  ⨯ Next.js build worker exited with code: 1 and signal: null

[debug] [2025-09-03T15:20:42.066Z] Error: ENOENT: no such file or directory, open '/Users/Bharat/Work/Nandak/vinx_supabase/.next/export-marker.json'
[error] 
[error] Error: An unexpected error has occurred.
